<?xml version="1.0" encoding="UTF-8"?>
<!-- Generated by org.testng.reporters.JUnitReportReporter -->
<testsuite hostname="DESKTOP-TVD3PQE" failures="0" tests="2" name="vTiger.Practice.BaseClassPractice" time="0.019" errors="0" timestamp="2022-12-11T16:52:12 IST" skipped="0">
  <testcase classname="vTiger.Practice.BaseClassPractice" name="test" time="0.012"/>
  <system-out/>
  <testcase classname="vTiger.Practice.BaseClassPractice" name="test2" time="0.007"/>
  <system-out/>
</testsuite> <!-- vTiger.Practice.BaseClassPractice -->
