<?xml version="1.0" encoding="UTF-8"?>
<!-- Generated by org.testng.reporters.JUnitReportReporter -->
<testsuite hostname="DESKTOP-TVD3PQE" failures="0" tests="2" name="vTiger.ContactsTests.CreateContactWithOrganization" time="35.245" errors="0" timestamp="2022-12-29T08:59:39 IST" skipped="0">
  <testcase classname="vTiger.ContactsTests.CreateContactWithOrganization" name="DemoTest" time="8.058"/>
  <system-out/>
  <testcase classname="vTiger.ContactsTests.CreateContactWithOrganization" name="createContactWithOrgTest" time="27.187"/>
  <system-out/>
</testsuite> <!-- vTiger.ContactsTests.CreateContactWithOrganization -->
