<?xml version="1.0" encoding="UTF-8"?>
<!-- Generated by org.testng.reporters.JUnitReportReporter -->
<testsuite hostname="DESKTOP-TVD3PQE" failures="0" tests="1" name="vTiger.Practice.TestNGPractice" time="0.018" errors="0" timestamp="2022-12-10T20:05:56 IST" skipped="0">
  <testcase classname="vTiger.Practice.TestNGPractice" name="deleteCustomer" time="0.018"/>
  <system-out/>
</testsuite> <!-- vTiger.Practice.TestNGPractice -->
